StudentZone/app/build/intermediates/manifest_merge_blame_file/debug/manifest-merger-blame-debug-report.txt
1<?xml version="1.0" encoding="utf-8"?>
2<manifest xmlns:android="http://schemas.android.com/apk/res/android"
3    package="com.studentzone"
4    android:versionCode="1"
5    android:versionName="1.0" >
6
7    <uses-sdk
8        android:minSdkVersion="24"
8-->src\main\AndroidManifest.xml
9        android:targetSdkVersion="33" />
9-->src\main\AndroidManifest.xml
10
11    <permission
11-->[androidx.core:core:1.9.0] AndroidManifest.xml:22:5-24:47
12        android:name="com.studentzone.DYNAMIC_RECEIVER_NOT_EXPORTED_PERMISSION"
12-->[androidx.core:core:1.9.0] AndroidManifest.xml:23:9-81
13        android:protectionLevel="signature" />
13-->[androidx.core:core:1.9.0] AndroidManifest.xml:24:9-44
14
15    <uses-permission android:name="com.studentzone.DYNAMIC_RECEIVER_NOT_EXPORTED_PERMISSION" />
15-->[androidx.core:core:1.9.0] AndroidManifest.xml:26:5-97
15-->[androidx.core:core:1.9.0] AndroidManifest.xml:26:22-94
16
17    <application
17-->src\main\AndroidManifest.xml:5:5-84:19
18        android:allowBackup="true"
18-->src\main\AndroidManifest.xml:6:9-35
19        android:appComponentFactory="androidx.core.app.CoreComponentFactory"
19-->[androidx.core:core:1.9.0] AndroidManifest.xml:28:18-86
20        android:dataExtractionRules="@xml/data_extraction_rules"
20-->src\main\AndroidManifest.xml:7:9-65
21        android:debuggable="true"
22        android:extractNativeLibs="false"
23        android:fullBackupContent="@xml/backup_rules"
23-->src\main\AndroidManifest.xml:8:9-54
24        android:icon="@mipmap/ic_launcher"
24-->src\main\AndroidManifest.xml:9:9-43
25        android:label="@string/app_name"
25-->src\main\AndroidManifest.xml:10:9-41
26        android:roundIcon="@mipmap/ic_launcher_round"
26-->src\main\AndroidManifest.xml:11:9-54
27        android:supportsRtl="true"
27-->src\main\AndroidManifest.xml:12:9-35
28        android:testOnly="true"
29        android:theme="@style/Theme.StudentZone" >
29-->src\main\AndroidManifest.xml:13:9-49
30        <activity
30-->src\main\AndroidManifest.xml:15:9-17:40
31            android:name="com.studentzone.StudentSubjectPDFsActivity"
31-->src\main\AndroidManifest.xml:16:13-55
32            android:exported="false" />
32-->src\main\AndroidManifest.xml:17:13-37
33        <activity
33-->src\main\AndroidManifest.xml:18:9-20:40
34            android:name="com.studentzone.StudentSubjectActivity"
34-->src\main\AndroidManifest.xml:19:13-51
35            android:exported="false" />
35-->src\main\AndroidManifest.xml:20:13-37
36        <activity
36-->src\main\AndroidManifest.xml:21:9-23:40
37            android:name="com.studentzone.StudentRegistrationActivity"
37-->src\main\AndroidManifest.xml:22:13-56
38            android:exported="false" />
38-->src\main\AndroidManifest.xml:23:13-37
39        <activity
39-->src\main\AndroidManifest.xml:24:9-26:40
40            android:name="com.studentzone.StudentPerviousRequestActivity"
40-->src\main\AndroidManifest.xml:25:13-59
41            android:exported="false" />
41-->src\main\AndroidManifest.xml:26:13-37
42        <activity
42-->src\main\AndroidManifest.xml:27:9-29:40
43            android:name="com.studentzone.StudentHomeActivity"
43-->src\main\AndroidManifest.xml:28:13-48
44            android:exported="false" />
44-->src\main\AndroidManifest.xml:29:13-37
45        <activity
45-->src\main\AndroidManifest.xml:30:9-32:40
46            android:name="com.studentzone.AdminStudentsAccountsActivity"
46-->src\main\AndroidManifest.xml:31:13-58
47            android:exported="false" />
47-->src\main\AndroidManifest.xml:32:13-37
48        <activity
48-->src\main\AndroidManifest.xml:33:9-35:40
49            android:name="com.studentzone.AdminDoctorsAccountsActivity"
49-->src\main\AndroidManifest.xml:34:13-57
50            android:exported="false" />
50-->src\main\AndroidManifest.xml:35:13-37
51        <activity
51-->src\main\AndroidManifest.xml:36:9-38:40
52            android:name="com.studentzone.AdminAbsenceFilesActivity"
52-->src\main\AndroidManifest.xml:37:13-54
53            android:exported="false" />
53-->src\main\AndroidManifest.xml:38:13-37
54        <activity
54-->src\main\AndroidManifest.xml:39:9-45:20
55            android:name="com.studentzone.AdminSubjectsActivity"
55-->src\main\AndroidManifest.xml:40:13-50
56            android:exported="false" >
56-->src\main\AndroidManifest.xml:41:13-37
57            <meta-data
57-->src\main\AndroidManifest.xml:42:13-44:36
58                android:name="android.app.lib_name"
58-->src\main\AndroidManifest.xml:43:17-52
59                android:value="" />
59-->src\main\AndroidManifest.xml:44:17-33
60        </activity>
61        <activity
61-->src\main\AndroidManifest.xml:46:9-52:20
62            android:name="com.studentzone.AdminDepartmentsActivity"
62-->src\main\AndroidManifest.xml:47:13-53
63            android:exported="false" >
63-->src\main\AndroidManifest.xml:48:13-37
64            <meta-data
64-->src\main\AndroidManifest.xml:42:13-44:36
65                android:name="android.app.lib_name"
65-->src\main\AndroidManifest.xml:43:17-52
66                android:value="" />
66-->src\main\AndroidManifest.xml:44:17-33
67        </activity>
68        <activity
68-->src\main\AndroidManifest.xml:53:9-59:20
69            android:name="com.studentzone.AdminHomeActivity"
69-->src\main\AndroidManifest.xml:54:13-46
70            android:exported="false" >
70-->src\main\AndroidManifest.xml:55:13-37
71            <meta-data
71-->src\main\AndroidManifest.xml:42:13-44:36
72                android:name="android.app.lib_name"
72-->src\main\AndroidManifest.xml:43:17-52
73                android:value="" />
73-->src\main\AndroidManifest.xml:44:17-33
74        </activity>
75        <activity
75-->src\main\AndroidManifest.xml:60:9-66:20
76            android:name="com.studentzone.LoginActivity"
76-->src\main\AndroidManifest.xml:61:13-42
77            android:exported="false" >
77-->src\main\AndroidManifest.xml:62:13-37
78            <meta-data
78-->src\main\AndroidManifest.xml:42:13-44:36
79                android:name="android.app.lib_name"
79-->src\main\AndroidManifest.xml:43:17-52
80                android:value="" />
80-->src\main\AndroidManifest.xml:44:17-33
81        </activity>
82        <activity
82-->src\main\AndroidManifest.xml:67:9-79:20
83            android:name="com.studentzone.WelcomeActivity"
83-->src\main\AndroidManifest.xml:68:13-44
84            android:exported="true" >
84-->src\main\AndroidManifest.xml:69:13-36
85            <intent-filter>
85-->src\main\AndroidManifest.xml:70:13-74:29
86                <action android:name="android.intent.action.MAIN" />
86-->src\main\AndroidManifest.xml:71:17-69
86-->src\main\AndroidManifest.xml:71:25-66
87
88                <category android:name="android.intent.category.LAUNCHER" />
88-->src\main\AndroidManifest.xml:73:17-77
88-->src\main\AndroidManifest.xml:73:27-74
89            </intent-filter>
90
91            <meta-data
91-->src\main\AndroidManifest.xml:42:13-44:36
92                android:name="android.app.lib_name"
92-->src\main\AndroidManifest.xml:43:17-52
93                android:value="" />
93-->src\main\AndroidManifest.xml:44:17-33
94        </activity>
95
96        <meta-data
96-->src\main\AndroidManifest.xml:81:9-83:57
97            android:name="preloaded_fonts"
97-->src\main\AndroidManifest.xml:82:13-43
98            android:resource="@array/preloaded_fonts" />
98-->src\main\AndroidManifest.xml:83:13-54
99
100        <provider
100-->[androidx.emoji2:emoji2:1.2.0] AndroidManifest.xml:24:9-32:20
101            android:name="androidx.startup.InitializationProvider"
101-->[androidx.emoji2:emoji2:1.2.0] AndroidManifest.xml:25:13-67
102            android:authorities="com.studentzone.androidx-startup"
102-->[androidx.emoji2:emoji2:1.2.0] AndroidManifest.xml:26:13-68
103            android:exported="false" >
103-->[androidx.emoji2:emoji2:1.2.0] AndroidManifest.xml:27:13-37
104            <meta-data
104-->[androidx.emoji2:emoji2:1.2.0] AndroidManifest.xml:29:13-31:52
105                android:name="androidx.emoji2.text.EmojiCompatInitializer"
105-->[androidx.emoji2:emoji2:1.2.0] AndroidManifest.xml:30:17-75
106                android:value="androidx.startup" />
106-->[androidx.emoji2:emoji2:1.2.0] AndroidManifest.xml:31:17-49
107            <meta-data
107-->[androidx.lifecycle:lifecycle-process:2.4.1] AndroidManifest.xml:31:13-33:52
108                android:name="androidx.lifecycle.ProcessLifecycleInitializer"
108-->[androidx.lifecycle:lifecycle-process:2.4.1] AndroidManifest.xml:32:17-78
109                android:value="androidx.startup" />
109-->[androidx.lifecycle:lifecycle-process:2.4.1] AndroidManifest.xml:33:17-49
110        </provider>
111    </application>
112
113</manifest>